[2026-03-16T08:58:54.969+0000] {local_task_job_runner.py:120} INFO - ::group::Pre task execution logs
[2026-03-16T08:58:55.242+0000] {taskinstance.py:2073} INFO - Dependencies all met for dep_context=non-requeueable deps ti=<TaskInstance: full_pipeline_dag.trigger_macro_etl scheduled__2026-03-15T00:00:00+00:00 [queued]>
[2026-03-16T08:58:55.270+0000] {taskinstance.py:2073} INFO - Dependencies all met for dep_context=requeueable deps ti=<TaskInstance: full_pipeline_dag.trigger_macro_etl scheduled__2026-03-15T00:00:00+00:00 [queued]>
[2026-03-16T08:58:55.272+0000] {taskinstance.py:2303} INFO - Starting attempt 1 of 2
[2026-03-16T08:58:55.321+0000] {taskinstance.py:2327} INFO - Executing <Task(TriggerDagRunOperator): trigger_macro_etl> on 2026-03-15 00:00:00+00:00
[2026-03-16T08:58:55.405+0000] {standard_task_runner.py:90} INFO - Running: ['***', 'tasks', 'run', 'full_pipeline_dag', 'trigger_macro_etl', 'scheduled__2026-03-15T00:00:00+00:00', '--job-id', '11', '--raw', '--subdir', 'DAGS_FOLDER/full_pipeline_dag.py', '--cfg-path', '/tmp/tmpchmh63es']
[2026-03-16T08:58:55.415+0000] {logging_mixin.py:188} WARNING - /home/***/.local/lib/python3.12/site-packages/***/task/task_runner/standard_task_runner.py:61 DeprecationWarning: This process (pid=4833) is multi-threaded, use of fork() may lead to deadlocks in the child.
[2026-03-16T08:58:55.416+0000] {standard_task_runner.py:91} INFO - Job 11: Subtask trigger_macro_etl
[2026-03-16T08:58:55.416+0000] {standard_task_runner.py:63} INFO - Started process 4840 to run task
[2026-03-16T08:58:55.565+0000] {task_command.py:426} INFO - Running <TaskInstance: full_pipeline_dag.trigger_macro_etl scheduled__2026-03-15T00:00:00+00:00 [running]> on host 0f85920d49ee
[2026-03-16T08:58:56.338+0000] {taskinstance.py:2644} INFO - Exporting env vars: AIRFLOW_CTX_DAG_OWNER='marcelo' AIRFLOW_CTX_DAG_ID='full_pipeline_dag' AIRFLOW_CTX_TASK_ID='trigger_macro_etl' AIRFLOW_CTX_EXECUTION_DATE='2026-03-15T00:00:00+00:00' AIRFLOW_CTX_TRY_NUMBER='1' AIRFLOW_CTX_DAG_RUN_ID='scheduled__2026-03-15T00:00:00+00:00'
[2026-03-16T08:58:56.342+0000] {taskinstance.py:430} INFO - ::endgroup::
[2026-03-16T08:58:56.821+0000] {taskinstance.py:441} INFO - ::group::Post task execution logs
[2026-03-16T08:58:56.845+0000] {taskinstance.py:1205} INFO - Marking task as SUCCESS. dag_id=full_pipeline_dag, task_id=trigger_macro_etl, execution_date=20260315T000000, start_date=20260316T085855, end_date=20260316T085856
[2026-03-16T08:58:56.924+0000] {local_task_job_runner.py:240} INFO - Task exited with return code 0
[2026-03-16T08:58:56.986+0000] {taskinstance.py:3482} INFO - 1 downstream tasks scheduled from follow-on schedule check
[2026-03-16T08:58:56.989+0000] {local_task_job_runner.py:222} INFO - ::endgroup::
[2026-03-16T18:23:25.778+0000] {local_task_job_runner.py:120} INFO - ::group::Pre task execution logs
[2026-03-16T18:23:25.911+0000] {taskinstance.py:2073} INFO - Dependencies all met for dep_context=non-requeueable deps ti=<TaskInstance: full_pipeline_dag.trigger_macro_etl scheduled__2026-03-15T00:00:00+00:00 [queued]>
[2026-03-16T18:23:25.948+0000] {taskinstance.py:2073} INFO - Dependencies all met for dep_context=requeueable deps ti=<TaskInstance: full_pipeline_dag.trigger_macro_etl scheduled__2026-03-15T00:00:00+00:00 [queued]>
[2026-03-16T18:23:25.949+0000] {taskinstance.py:2303} INFO - Starting attempt 1 of 2
[2026-03-16T18:23:25.992+0000] {taskinstance.py:2327} INFO - Executing <Task(TriggerDagRunOperator): trigger_macro_etl> on 2026-03-15 00:00:00+00:00
[2026-03-16T18:23:26.166+0000] {logging_mixin.py:188} WARNING - /home/***/.local/lib/python3.12/site-packages/***/task/task_runner/standard_task_runner.py:61 DeprecationWarning: This process (pid=4248) is multi-threaded, use of fork() may lead to deadlocks in the child.
[2026-03-16T18:23:26.098+0000] {standard_task_runner.py:90} INFO - Running: ['***', 'tasks', 'run', 'full_pipeline_dag', 'trigger_macro_etl', 'scheduled__2026-03-15T00:00:00+00:00', '--job-id', '5', '--raw', '--subdir', 'DAGS_FOLDER/full_pipeline_dag.py', '--cfg-path', '/tmp/tmpxy6jiseq']
[2026-03-16T18:23:26.181+0000] {standard_task_runner.py:63} INFO - Started process 4250 to run task
[2026-03-16T18:23:26.180+0000] {standard_task_runner.py:91} INFO - Job 5: Subtask trigger_macro_etl
[2026-03-16T18:23:27.317+0000] {task_command.py:426} INFO - Running <TaskInstance: full_pipeline_dag.trigger_macro_etl scheduled__2026-03-15T00:00:00+00:00 [running]> on host d7fb33a145f1
[2026-03-16T18:23:27.974+0000] {taskinstance.py:2644} INFO - Exporting env vars: AIRFLOW_CTX_DAG_OWNER='marcelo' AIRFLOW_CTX_DAG_ID='full_pipeline_dag' AIRFLOW_CTX_TASK_ID='trigger_macro_etl' AIRFLOW_CTX_EXECUTION_DATE='2026-03-15T00:00:00+00:00' AIRFLOW_CTX_TRY_NUMBER='1' AIRFLOW_CTX_DAG_RUN_ID='scheduled__2026-03-15T00:00:00+00:00'
[2026-03-16T18:23:27.977+0000] {taskinstance.py:430} INFO - ::endgroup::
[2026-03-16T18:23:28.605+0000] {taskinstance.py:441} INFO - ::group::Post task execution logs
[2026-03-16T18:23:28.736+0000] {taskinstance.py:1205} INFO - Marking task as SUCCESS. dag_id=full_pipeline_dag, task_id=trigger_macro_etl, execution_date=20260315T000000, start_date=20260316T182325, end_date=20260316T182328
[2026-03-16T18:23:28.807+0000] {local_task_job_runner.py:240} INFO - Task exited with return code 0
[2026-03-16T18:23:28.955+0000] {taskinstance.py:3482} INFO - 1 downstream tasks scheduled from follow-on schedule check
[2026-03-16T18:23:28.971+0000] {local_task_job_runner.py:222} INFO - ::endgroup::
