[2026-03-16T08:58:58.284+0000] {local_task_job_runner.py:120} INFO - ::group::Pre task execution logs
[2026-03-16T08:58:58.366+0000] {taskinstance.py:2073} INFO - Dependencies all met for dep_context=non-requeueable deps ti=<TaskInstance: full_pipeline_dag.trigger_market_etl scheduled__2026-03-15T00:00:00+00:00 [queued]>
[2026-03-16T08:58:58.380+0000] {taskinstance.py:2073} INFO - Dependencies all met for dep_context=requeueable deps ti=<TaskInstance: full_pipeline_dag.trigger_market_etl scheduled__2026-03-15T00:00:00+00:00 [queued]>
[2026-03-16T08:58:58.381+0000] {taskinstance.py:2303} INFO - Starting attempt 1 of 2
[2026-03-16T08:58:58.400+0000] {taskinstance.py:2327} INFO - Executing <Task(TriggerDagRunOperator): trigger_market_etl> on 2026-03-15 00:00:00+00:00
[2026-03-16T08:58:58.415+0000] {standard_task_runner.py:90} INFO - Running: ['***', 'tasks', 'run', 'full_pipeline_dag', 'trigger_market_etl', 'scheduled__2026-03-15T00:00:00+00:00', '--job-id', '12', '--raw', '--subdir', 'DAGS_FOLDER/full_pipeline_dag.py', '--cfg-path', '/tmp/tmpdx0oz80o']
[2026-03-16T08:58:58.419+0000] {standard_task_runner.py:91} INFO - Job 12: Subtask trigger_market_etl
[2026-03-16T08:58:58.421+0000] {logging_mixin.py:188} WARNING - /home/***/.local/lib/python3.12/site-packages/***/task/task_runner/standard_task_runner.py:61 DeprecationWarning: This process (pid=4845) is multi-threaded, use of fork() may lead to deadlocks in the child.
[2026-03-16T08:58:58.423+0000] {standard_task_runner.py:63} INFO - Started process 4846 to run task
[2026-03-16T08:58:58.534+0000] {task_command.py:426} INFO - Running <TaskInstance: full_pipeline_dag.trigger_market_etl scheduled__2026-03-15T00:00:00+00:00 [running]> on host 0f85920d49ee
[2026-03-16T08:58:58.664+0000] {taskinstance.py:2644} INFO - Exporting env vars: AIRFLOW_CTX_DAG_OWNER='marcelo' AIRFLOW_CTX_DAG_ID='full_pipeline_dag' AIRFLOW_CTX_TASK_ID='trigger_market_etl' AIRFLOW_CTX_EXECUTION_DATE='2026-03-15T00:00:00+00:00' AIRFLOW_CTX_TRY_NUMBER='1' AIRFLOW_CTX_DAG_RUN_ID='scheduled__2026-03-15T00:00:00+00:00'
[2026-03-16T08:58:58.668+0000] {taskinstance.py:430} INFO - ::endgroup::
[2026-03-16T08:58:58.825+0000] {taskinstance.py:441} INFO - ::group::Post task execution logs
[2026-03-16T08:58:58.839+0000] {taskinstance.py:1205} INFO - Marking task as SUCCESS. dag_id=full_pipeline_dag, task_id=trigger_market_etl, execution_date=20260315T000000, start_date=20260316T085858, end_date=20260316T085858
[2026-03-16T08:58:58.881+0000] {local_task_job_runner.py:240} INFO - Task exited with return code 0
[2026-03-16T08:58:58.914+0000] {taskinstance.py:3482} INFO - 1 downstream tasks scheduled from follow-on schedule check
[2026-03-16T08:58:58.919+0000] {local_task_job_runner.py:222} INFO - ::endgroup::
[2026-03-16T18:23:30.766+0000] {local_task_job_runner.py:120} INFO - ::group::Pre task execution logs
[2026-03-16T18:23:31.076+0000] {taskinstance.py:2073} INFO - Dependencies all met for dep_context=non-requeueable deps ti=<TaskInstance: full_pipeline_dag.trigger_market_etl scheduled__2026-03-15T00:00:00+00:00 [queued]>
[2026-03-16T18:23:31.122+0000] {taskinstance.py:2073} INFO - Dependencies all met for dep_context=requeueable deps ti=<TaskInstance: full_pipeline_dag.trigger_market_etl scheduled__2026-03-15T00:00:00+00:00 [queued]>
[2026-03-16T18:23:31.125+0000] {taskinstance.py:2303} INFO - Starting attempt 1 of 2
[2026-03-16T18:23:31.193+0000] {taskinstance.py:2327} INFO - Executing <Task(TriggerDagRunOperator): trigger_market_etl> on 2026-03-15 00:00:00+00:00
[2026-03-16T18:23:31.345+0000] {logging_mixin.py:188} WARNING - /home/***/.local/lib/python3.12/site-packages/***/task/task_runner/standard_task_runner.py:61 DeprecationWarning: This process (pid=4251) is multi-threaded, use of fork() may lead to deadlocks in the child.
[2026-03-16T18:23:31.314+0000] {standard_task_runner.py:90} INFO - Running: ['***', 'tasks', 'run', 'full_pipeline_dag', 'trigger_market_etl', 'scheduled__2026-03-15T00:00:00+00:00', '--job-id', '6', '--raw', '--subdir', 'DAGS_FOLDER/full_pipeline_dag.py', '--cfg-path', '/tmp/tmpc7fxws5g']
[2026-03-16T18:23:31.364+0000] {standard_task_runner.py:63} INFO - Started process 4254 to run task
[2026-03-16T18:23:31.365+0000] {standard_task_runner.py:91} INFO - Job 6: Subtask trigger_market_etl
[2026-03-16T18:23:32.228+0000] {task_command.py:426} INFO - Running <TaskInstance: full_pipeline_dag.trigger_market_etl scheduled__2026-03-15T00:00:00+00:00 [running]> on host d7fb33a145f1
[2026-03-16T18:23:32.898+0000] {taskinstance.py:2644} INFO - Exporting env vars: AIRFLOW_CTX_DAG_OWNER='marcelo' AIRFLOW_CTX_DAG_ID='full_pipeline_dag' AIRFLOW_CTX_TASK_ID='trigger_market_etl' AIRFLOW_CTX_EXECUTION_DATE='2026-03-15T00:00:00+00:00' AIRFLOW_CTX_TRY_NUMBER='1' AIRFLOW_CTX_DAG_RUN_ID='scheduled__2026-03-15T00:00:00+00:00'
[2026-03-16T18:23:32.899+0000] {taskinstance.py:430} INFO - ::endgroup::
[2026-03-16T18:23:33.922+0000] {taskinstance.py:441} INFO - ::group::Post task execution logs
[2026-03-16T18:23:33.964+0000] {taskinstance.py:1205} INFO - Marking task as SUCCESS. dag_id=full_pipeline_dag, task_id=trigger_market_etl, execution_date=20260315T000000, start_date=20260316T182331, end_date=20260316T182333
[2026-03-16T18:23:34.038+0000] {local_task_job_runner.py:240} INFO - Task exited with return code 0
[2026-03-16T18:23:34.099+0000] {taskinstance.py:3482} INFO - 1 downstream tasks scheduled from follow-on schedule check
[2026-03-16T18:23:34.103+0000] {local_task_job_runner.py:222} INFO - ::endgroup::
