[2026-03-18T00:52:51.892+0000] {local_task_job_runner.py:120} INFO - ::group::Pre task execution logs
[2026-03-18T00:52:52.007+0000] {taskinstance.py:2073} INFO - Dependencies all met for dep_context=non-requeueable deps ti=<TaskInstance: full_pipeline_dag.trigger_macro_etl scheduled__2026-03-17T00:00:00+00:00 [queued]>
[2026-03-18T00:52:52.026+0000] {taskinstance.py:2073} INFO - Dependencies all met for dep_context=requeueable deps ti=<TaskInstance: full_pipeline_dag.trigger_macro_etl scheduled__2026-03-17T00:00:00+00:00 [queued]>
[2026-03-18T00:52:52.027+0000] {taskinstance.py:2303} INFO - Starting attempt 1 of 2
[2026-03-18T00:52:52.057+0000] {taskinstance.py:2327} INFO - Executing <Task(TriggerDagRunOperator): trigger_macro_etl> on 2026-03-17 00:00:00+00:00
[2026-03-18T00:52:52.100+0000] {standard_task_runner.py:90} INFO - Running: ['***', 'tasks', 'run', 'full_pipeline_dag', 'trigger_macro_etl', 'scheduled__2026-03-17T00:00:00+00:00', '--job-id', '15', '--raw', '--subdir', 'DAGS_FOLDER/full_pipeline_dag.py', '--cfg-path', '/tmp/tmp1lge29eq']
[2026-03-18T00:52:52.107+0000] {standard_task_runner.py:91} INFO - Job 15: Subtask trigger_macro_etl
[2026-03-18T00:52:52.109+0000] {logging_mixin.py:188} WARNING - /home/***/.local/lib/python3.12/site-packages/***/task/task_runner/standard_task_runner.py:61 DeprecationWarning: This process (pid=17873) is multi-threaded, use of fork() may lead to deadlocks in the child.
[2026-03-18T00:52:52.110+0000] {standard_task_runner.py:63} INFO - Started process 17874 to run task
[2026-03-18T00:52:52.348+0000] {task_command.py:426} INFO - Running <TaskInstance: full_pipeline_dag.trigger_macro_etl scheduled__2026-03-17T00:00:00+00:00 [running]> on host d7fb33a145f1
[2026-03-18T00:52:52.570+0000] {taskinstance.py:2644} INFO - Exporting env vars: AIRFLOW_CTX_DAG_OWNER='marcelo' AIRFLOW_CTX_DAG_ID='full_pipeline_dag' AIRFLOW_CTX_TASK_ID='trigger_macro_etl' AIRFLOW_CTX_EXECUTION_DATE='2026-03-17T00:00:00+00:00' AIRFLOW_CTX_TRY_NUMBER='1' AIRFLOW_CTX_DAG_RUN_ID='scheduled__2026-03-17T00:00:00+00:00'
[2026-03-18T00:52:52.572+0000] {taskinstance.py:430} INFO - ::endgroup::
[2026-03-18T00:52:52.819+0000] {taskinstance.py:441} INFO - ::group::Post task execution logs
[2026-03-18T00:52:52.838+0000] {taskinstance.py:1205} INFO - Marking task as SUCCESS. dag_id=full_pipeline_dag, task_id=trigger_macro_etl, execution_date=20260317T000000, start_date=20260318T005252, end_date=20260318T005252
[2026-03-18T00:52:52.910+0000] {local_task_job_runner.py:240} INFO - Task exited with return code 0
[2026-03-18T00:52:52.979+0000] {taskinstance.py:3482} INFO - 1 downstream tasks scheduled from follow-on schedule check
[2026-03-18T00:52:52.984+0000] {local_task_job_runner.py:222} INFO - ::endgroup::
[2026-03-18T15:34:53.182+0000] {local_task_job_runner.py:120} INFO - ::group::Pre task execution logs
[2026-03-18T15:34:53.692+0000] {taskinstance.py:2073} INFO - Dependencies all met for dep_context=non-requeueable deps ti=<TaskInstance: full_pipeline_dag.trigger_macro_etl scheduled__2026-03-17T00:00:00+00:00 [queued]>
[2026-03-18T15:34:53.730+0000] {taskinstance.py:2073} INFO - Dependencies all met for dep_context=requeueable deps ti=<TaskInstance: full_pipeline_dag.trigger_macro_etl scheduled__2026-03-17T00:00:00+00:00 [queued]>
[2026-03-18T15:34:53.732+0000] {taskinstance.py:2303} INFO - Starting attempt 1 of 2
[2026-03-18T15:34:53.799+0000] {taskinstance.py:2327} INFO - Executing <Task(TriggerDagRunOperator): trigger_macro_etl> on 2026-03-17 00:00:00+00:00
[2026-03-18T15:34:53.904+0000] {logging_mixin.py:188} WARNING - /home/***/.local/lib/python3.12/site-packages/***/task/task_runner/standard_task_runner.py:61 DeprecationWarning: This process (pid=330) is multi-threaded, use of fork() may lead to deadlocks in the child.
[2026-03-18T15:34:53.920+0000] {standard_task_runner.py:63} INFO - Started process 333 to run task
[2026-03-18T15:34:53.879+0000] {standard_task_runner.py:90} INFO - Running: ['***', 'tasks', 'run', 'full_pipeline_dag', 'trigger_macro_etl', 'scheduled__2026-03-17T00:00:00+00:00', '--job-id', '4', '--raw', '--subdir', 'DAGS_FOLDER/full_pipeline_dag.py', '--cfg-path', '/tmp/tmp0z3fxd48']
[2026-03-18T15:34:53.925+0000] {standard_task_runner.py:91} INFO - Job 4: Subtask trigger_macro_etl
[2026-03-18T15:34:54.281+0000] {task_command.py:426} INFO - Running <TaskInstance: full_pipeline_dag.trigger_macro_etl scheduled__2026-03-17T00:00:00+00:00 [running]> on host cccde4855129
[2026-03-18T15:34:54.991+0000] {taskinstance.py:2644} INFO - Exporting env vars: AIRFLOW_CTX_DAG_OWNER='marcelo' AIRFLOW_CTX_DAG_ID='full_pipeline_dag' AIRFLOW_CTX_TASK_ID='trigger_macro_etl' AIRFLOW_CTX_EXECUTION_DATE='2026-03-17T00:00:00+00:00' AIRFLOW_CTX_TRY_NUMBER='1' AIRFLOW_CTX_DAG_RUN_ID='scheduled__2026-03-17T00:00:00+00:00'
[2026-03-18T15:34:54.996+0000] {taskinstance.py:430} INFO - ::endgroup::
[2026-03-18T15:34:55.384+0000] {taskinstance.py:441} INFO - ::group::Post task execution logs
[2026-03-18T15:34:55.401+0000] {taskinstance.py:1205} INFO - Marking task as SUCCESS. dag_id=full_pipeline_dag, task_id=trigger_macro_etl, execution_date=20260317T000000, start_date=20260318T153453, end_date=20260318T153455
[2026-03-18T15:34:55.444+0000] {local_task_job_runner.py:240} INFO - Task exited with return code 0
[2026-03-18T15:34:55.488+0000] {taskinstance.py:3482} INFO - 1 downstream tasks scheduled from follow-on schedule check
[2026-03-18T15:34:55.490+0000] {local_task_job_runner.py:222} INFO - ::endgroup::
