[2026-03-18T00:52:55.885+0000] {local_task_job_runner.py:120} INFO - ::group::Pre task execution logs
[2026-03-18T00:52:56.035+0000] {taskinstance.py:2073} INFO - Dependencies all met for dep_context=non-requeueable deps ti=<TaskInstance: full_pipeline_dag.trigger_market_etl scheduled__2026-03-17T00:00:00+00:00 [queued]>
[2026-03-18T00:52:56.069+0000] {taskinstance.py:2073} INFO - Dependencies all met for dep_context=requeueable deps ti=<TaskInstance: full_pipeline_dag.trigger_market_etl scheduled__2026-03-17T00:00:00+00:00 [queued]>
[2026-03-18T00:52:56.071+0000] {taskinstance.py:2303} INFO - Starting attempt 1 of 2
[2026-03-18T00:52:56.118+0000] {taskinstance.py:2327} INFO - Executing <Task(TriggerDagRunOperator): trigger_market_etl> on 2026-03-17 00:00:00+00:00
[2026-03-18T00:52:56.178+0000] {logging_mixin.py:188} WARNING - /home/***/.local/lib/python3.12/site-packages/***/task/task_runner/standard_task_runner.py:61 DeprecationWarning: This process (pid=17880) is multi-threaded, use of fork() may lead to deadlocks in the child.
[2026-03-18T00:52:56.155+0000] {standard_task_runner.py:90} INFO - Running: ['***', 'tasks', 'run', 'full_pipeline_dag', 'trigger_market_etl', 'scheduled__2026-03-17T00:00:00+00:00', '--job-id', '16', '--raw', '--subdir', 'DAGS_FOLDER/full_pipeline_dag.py', '--cfg-path', '/tmp/tmpgdi0rcgp']
[2026-03-18T00:52:56.182+0000] {standard_task_runner.py:91} INFO - Job 16: Subtask trigger_market_etl
[2026-03-18T00:52:56.182+0000] {standard_task_runner.py:63} INFO - Started process 17882 to run task
[2026-03-18T00:52:56.554+0000] {task_command.py:426} INFO - Running <TaskInstance: full_pipeline_dag.trigger_market_etl scheduled__2026-03-17T00:00:00+00:00 [running]> on host d7fb33a145f1
[2026-03-18T00:52:56.938+0000] {taskinstance.py:2644} INFO - Exporting env vars: AIRFLOW_CTX_DAG_OWNER='marcelo' AIRFLOW_CTX_DAG_ID='full_pipeline_dag' AIRFLOW_CTX_TASK_ID='trigger_market_etl' AIRFLOW_CTX_EXECUTION_DATE='2026-03-17T00:00:00+00:00' AIRFLOW_CTX_TRY_NUMBER='1' AIRFLOW_CTX_DAG_RUN_ID='scheduled__2026-03-17T00:00:00+00:00'
[2026-03-18T00:52:56.942+0000] {taskinstance.py:430} INFO - ::endgroup::
[2026-03-18T00:52:57.469+0000] {taskinstance.py:441} INFO - ::group::Post task execution logs
[2026-03-18T00:52:57.513+0000] {taskinstance.py:1205} INFO - Marking task as SUCCESS. dag_id=full_pipeline_dag, task_id=trigger_market_etl, execution_date=20260317T000000, start_date=20260318T005256, end_date=20260318T005257
[2026-03-18T00:52:57.618+0000] {local_task_job_runner.py:240} INFO - Task exited with return code 0
[2026-03-18T00:52:57.692+0000] {taskinstance.py:3482} INFO - 1 downstream tasks scheduled from follow-on schedule check
[2026-03-18T00:52:57.696+0000] {local_task_job_runner.py:222} INFO - ::endgroup::
[2026-03-18T15:34:56.848+0000] {local_task_job_runner.py:120} INFO - ::group::Pre task execution logs
[2026-03-18T15:34:56.897+0000] {taskinstance.py:2073} INFO - Dependencies all met for dep_context=non-requeueable deps ti=<TaskInstance: full_pipeline_dag.trigger_market_etl scheduled__2026-03-17T00:00:00+00:00 [queued]>
[2026-03-18T15:34:56.907+0000] {taskinstance.py:2073} INFO - Dependencies all met for dep_context=requeueable deps ti=<TaskInstance: full_pipeline_dag.trigger_market_etl scheduled__2026-03-17T00:00:00+00:00 [queued]>
[2026-03-18T15:34:56.908+0000] {taskinstance.py:2303} INFO - Starting attempt 1 of 2
[2026-03-18T15:34:56.926+0000] {taskinstance.py:2327} INFO - Executing <Task(TriggerDagRunOperator): trigger_market_etl> on 2026-03-17 00:00:00+00:00
[2026-03-18T15:34:56.941+0000] {standard_task_runner.py:90} INFO - Running: ['***', 'tasks', 'run', 'full_pipeline_dag', 'trigger_market_etl', 'scheduled__2026-03-17T00:00:00+00:00', '--job-id', '7', '--raw', '--subdir', 'DAGS_FOLDER/full_pipeline_dag.py', '--cfg-path', '/tmp/tmptmoup_5_']
[2026-03-18T15:34:56.947+0000] {standard_task_runner.py:91} INFO - Job 7: Subtask trigger_market_etl
[2026-03-18T15:34:56.946+0000] {logging_mixin.py:188} WARNING - /home/***/.local/lib/python3.12/site-packages/***/task/task_runner/standard_task_runner.py:61 DeprecationWarning: This process (pid=341) is multi-threaded, use of fork() may lead to deadlocks in the child.
[2026-03-18T15:34:56.953+0000] {standard_task_runner.py:63} INFO - Started process 344 to run task
[2026-03-18T15:34:57.062+0000] {task_command.py:426} INFO - Running <TaskInstance: full_pipeline_dag.trigger_market_etl scheduled__2026-03-17T00:00:00+00:00 [running]> on host cccde4855129
[2026-03-18T15:34:57.199+0000] {taskinstance.py:2644} INFO - Exporting env vars: AIRFLOW_CTX_DAG_OWNER='marcelo' AIRFLOW_CTX_DAG_ID='full_pipeline_dag' AIRFLOW_CTX_TASK_ID='trigger_market_etl' AIRFLOW_CTX_EXECUTION_DATE='2026-03-17T00:00:00+00:00' AIRFLOW_CTX_TRY_NUMBER='1' AIRFLOW_CTX_DAG_RUN_ID='scheduled__2026-03-17T00:00:00+00:00'
[2026-03-18T15:34:57.202+0000] {taskinstance.py:430} INFO - ::endgroup::
[2026-03-18T15:34:57.377+0000] {taskinstance.py:441} INFO - ::group::Post task execution logs
[2026-03-18T15:34:57.395+0000] {taskinstance.py:1205} INFO - Marking task as SUCCESS. dag_id=full_pipeline_dag, task_id=trigger_market_etl, execution_date=20260317T000000, start_date=20260318T153456, end_date=20260318T153457
[2026-03-18T15:34:57.451+0000] {local_task_job_runner.py:240} INFO - Task exited with return code 0
[2026-03-18T15:34:57.494+0000] {taskinstance.py:3482} INFO - 0 downstream tasks scheduled from follow-on schedule check
[2026-03-18T15:34:57.498+0000] {local_task_job_runner.py:222} INFO - ::endgroup::
