[2026-03-18T00:53:02.264+0000] {local_task_job_runner.py:120} INFO - ::group::Pre task execution logs
[2026-03-18T00:53:02.646+0000] {taskinstance.py:2073} INFO - Dependencies all met for dep_context=non-requeueable deps ti=<TaskInstance: full_pipeline_dag.trigger_staging_etl scheduled__2026-03-17T00:00:00+00:00 [queued]>
[2026-03-18T00:53:02.679+0000] {taskinstance.py:2073} INFO - Dependencies all met for dep_context=requeueable deps ti=<TaskInstance: full_pipeline_dag.trigger_staging_etl scheduled__2026-03-17T00:00:00+00:00 [queued]>
[2026-03-18T00:53:02.680+0000] {taskinstance.py:2303} INFO - Starting attempt 1 of 2
[2026-03-18T00:53:02.739+0000] {taskinstance.py:2327} INFO - Executing <Task(TriggerDagRunOperator): trigger_staging_etl> on 2026-03-17 00:00:00+00:00
[2026-03-18T00:53:02.897+0000] {logging_mixin.py:188} WARNING - /home/***/.local/lib/python3.12/site-packages/***/task/task_runner/standard_task_runner.py:61 DeprecationWarning: This process (pid=17883) is multi-threaded, use of fork() may lead to deadlocks in the child.
[2026-03-18T00:53:02.881+0000] {standard_task_runner.py:90} INFO - Running: ['***', 'tasks', 'run', 'full_pipeline_dag', 'trigger_staging_etl', 'scheduled__2026-03-17T00:00:00+00:00', '--job-id', '17', '--raw', '--subdir', 'DAGS_FOLDER/full_pipeline_dag.py', '--cfg-path', '/tmp/tmptdzs9f0t']
[2026-03-18T00:53:02.904+0000] {standard_task_runner.py:63} INFO - Started process 17884 to run task
[2026-03-18T00:53:02.904+0000] {standard_task_runner.py:91} INFO - Job 17: Subtask trigger_staging_etl
[2026-03-18T00:53:03.179+0000] {task_command.py:426} INFO - Running <TaskInstance: full_pipeline_dag.trigger_staging_etl scheduled__2026-03-17T00:00:00+00:00 [running]> on host d7fb33a145f1
[2026-03-18T00:53:03.424+0000] {taskinstance.py:2644} INFO - Exporting env vars: AIRFLOW_CTX_DAG_OWNER='marcelo' AIRFLOW_CTX_DAG_ID='full_pipeline_dag' AIRFLOW_CTX_TASK_ID='trigger_staging_etl' AIRFLOW_CTX_EXECUTION_DATE='2026-03-17T00:00:00+00:00' AIRFLOW_CTX_TRY_NUMBER='1' AIRFLOW_CTX_DAG_RUN_ID='scheduled__2026-03-17T00:00:00+00:00'
[2026-03-18T00:53:03.427+0000] {taskinstance.py:430} INFO - ::endgroup::
[2026-03-18T00:53:03.708+0000] {taskinstance.py:441} INFO - ::group::Post task execution logs
[2026-03-18T00:53:03.735+0000] {taskinstance.py:1205} INFO - Marking task as SUCCESS. dag_id=full_pipeline_dag, task_id=trigger_staging_etl, execution_date=20260317T000000, start_date=20260318T005302, end_date=20260318T005303
[2026-03-18T00:53:03.813+0000] {local_task_job_runner.py:240} INFO - Task exited with return code 0
[2026-03-18T00:53:03.861+0000] {taskinstance.py:3482} INFO - 0 downstream tasks scheduled from follow-on schedule check
[2026-03-18T00:53:03.868+0000] {local_task_job_runner.py:222} INFO - ::endgroup::
[2026-03-18T15:34:57.792+0000] {local_task_job_runner.py:120} INFO - ::group::Pre task execution logs
[2026-03-18T15:34:57.828+0000] {taskinstance.py:2073} INFO - Dependencies all met for dep_context=non-requeueable deps ti=<TaskInstance: full_pipeline_dag.trigger_staging_etl scheduled__2026-03-17T00:00:00+00:00 [queued]>
[2026-03-18T15:34:57.842+0000] {taskinstance.py:2073} INFO - Dependencies all met for dep_context=requeueable deps ti=<TaskInstance: full_pipeline_dag.trigger_staging_etl scheduled__2026-03-17T00:00:00+00:00 [queued]>
[2026-03-18T15:34:57.843+0000] {taskinstance.py:2303} INFO - Starting attempt 1 of 2
[2026-03-18T15:34:57.863+0000] {taskinstance.py:2327} INFO - Executing <Task(TriggerDagRunOperator): trigger_staging_etl> on 2026-03-17 00:00:00+00:00
[2026-03-18T15:34:57.874+0000] {standard_task_runner.py:90} INFO - Running: ['***', 'tasks', 'run', 'full_pipeline_dag', 'trigger_staging_etl', 'scheduled__2026-03-17T00:00:00+00:00', '--job-id', '8', '--raw', '--subdir', 'DAGS_FOLDER/full_pipeline_dag.py', '--cfg-path', '/tmp/tmpn3wb2d94']
[2026-03-18T15:34:57.877+0000] {logging_mixin.py:188} WARNING - /home/***/.local/lib/python3.12/site-packages/***/task/task_runner/standard_task_runner.py:61 DeprecationWarning: This process (pid=346) is multi-threaded, use of fork() may lead to deadlocks in the child.
[2026-03-18T15:34:57.878+0000] {standard_task_runner.py:91} INFO - Job 8: Subtask trigger_staging_etl
[2026-03-18T15:34:57.878+0000] {standard_task_runner.py:63} INFO - Started process 348 to run task
[2026-03-18T15:34:57.974+0000] {task_command.py:426} INFO - Running <TaskInstance: full_pipeline_dag.trigger_staging_etl scheduled__2026-03-17T00:00:00+00:00 [running]> on host cccde4855129
[2026-03-18T15:34:58.095+0000] {taskinstance.py:2644} INFO - Exporting env vars: AIRFLOW_CTX_DAG_OWNER='marcelo' AIRFLOW_CTX_DAG_ID='full_pipeline_dag' AIRFLOW_CTX_TASK_ID='trigger_staging_etl' AIRFLOW_CTX_EXECUTION_DATE='2026-03-17T00:00:00+00:00' AIRFLOW_CTX_TRY_NUMBER='1' AIRFLOW_CTX_DAG_RUN_ID='scheduled__2026-03-17T00:00:00+00:00'
[2026-03-18T15:34:58.097+0000] {taskinstance.py:430} INFO - ::endgroup::
[2026-03-18T15:34:58.230+0000] {taskinstance.py:441} INFO - ::group::Post task execution logs
[2026-03-18T15:34:58.249+0000] {taskinstance.py:1205} INFO - Marking task as SUCCESS. dag_id=full_pipeline_dag, task_id=trigger_staging_etl, execution_date=20260317T000000, start_date=20260318T153457, end_date=20260318T153458
[2026-03-18T15:34:58.294+0000] {local_task_job_runner.py:240} INFO - Task exited with return code 0
[2026-03-18T15:34:58.315+0000] {taskinstance.py:3482} INFO - 0 downstream tasks scheduled from follow-on schedule check
[2026-03-18T15:34:58.319+0000] {local_task_job_runner.py:222} INFO - ::endgroup::
