[2026-03-18T00:52:47.410+0000] {local_task_job_runner.py:120} INFO - ::group::Pre task execution logs
[2026-03-18T00:52:47.852+0000] {taskinstance.py:2073} INFO - Dependencies all met for dep_context=non-requeueable deps ti=<TaskInstance: full_pipeline_dag.trigger_schema_init scheduled__2026-03-17T00:00:00+00:00 [queued]>
[2026-03-18T00:52:47.887+0000] {taskinstance.py:2073} INFO - Dependencies all met for dep_context=requeueable deps ti=<TaskInstance: full_pipeline_dag.trigger_schema_init scheduled__2026-03-17T00:00:00+00:00 [queued]>
[2026-03-18T00:52:47.890+0000] {taskinstance.py:2303} INFO - Starting attempt 1 of 2
[2026-03-18T00:52:47.952+0000] {taskinstance.py:2327} INFO - Executing <Task(TriggerDagRunOperator): trigger_schema_init> on 2026-03-17 00:00:00+00:00
[2026-03-18T00:52:48.156+0000] {standard_task_runner.py:90} INFO - Running: ['***', 'tasks', 'run', 'full_pipeline_dag', 'trigger_schema_init', 'scheduled__2026-03-17T00:00:00+00:00', '--job-id', '14', '--raw', '--subdir', 'DAGS_FOLDER/full_pipeline_dag.py', '--cfg-path', '/tmp/tmpttzxis78']
[2026-03-18T00:52:48.165+0000] {standard_task_runner.py:91} INFO - Job 14: Subtask trigger_schema_init
[2026-03-18T00:52:48.188+0000] {logging_mixin.py:188} WARNING - /home/***/.local/lib/python3.12/site-packages/***/task/task_runner/standard_task_runner.py:61 DeprecationWarning: This process (pid=17871) is multi-threaded, use of fork() may lead to deadlocks in the child.
[2026-03-18T00:52:48.191+0000] {standard_task_runner.py:63} INFO - Started process 17872 to run task
[2026-03-18T00:52:48.498+0000] {task_command.py:426} INFO - Running <TaskInstance: full_pipeline_dag.trigger_schema_init scheduled__2026-03-17T00:00:00+00:00 [running]> on host d7fb33a145f1
[2026-03-18T00:52:48.891+0000] {taskinstance.py:2644} INFO - Exporting env vars: AIRFLOW_CTX_DAG_OWNER='marcelo' AIRFLOW_CTX_DAG_ID='full_pipeline_dag' AIRFLOW_CTX_TASK_ID='trigger_schema_init' AIRFLOW_CTX_EXECUTION_DATE='2026-03-17T00:00:00+00:00' AIRFLOW_CTX_TRY_NUMBER='1' AIRFLOW_CTX_DAG_RUN_ID='scheduled__2026-03-17T00:00:00+00:00'
[2026-03-18T00:52:48.894+0000] {taskinstance.py:430} INFO - ::endgroup::
[2026-03-18T00:52:49.256+0000] {taskinstance.py:441} INFO - ::group::Post task execution logs
[2026-03-18T00:52:49.283+0000] {taskinstance.py:1205} INFO - Marking task as SUCCESS. dag_id=full_pipeline_dag, task_id=trigger_schema_init, execution_date=20260317T000000, start_date=20260318T005247, end_date=20260318T005249
[2026-03-18T00:52:49.353+0000] {local_task_job_runner.py:240} INFO - Task exited with return code 0
[2026-03-18T00:52:49.424+0000] {taskinstance.py:3482} INFO - 1 downstream tasks scheduled from follow-on schedule check
[2026-03-18T00:52:49.428+0000] {local_task_job_runner.py:222} INFO - ::endgroup::
[2026-03-18T15:34:48.928+0000] {local_task_job_runner.py:120} INFO - ::group::Pre task execution logs
[2026-03-18T15:34:49.215+0000] {taskinstance.py:2073} INFO - Dependencies all met for dep_context=non-requeueable deps ti=<TaskInstance: full_pipeline_dag.trigger_schema_init scheduled__2026-03-17T00:00:00+00:00 [queued]>
[2026-03-18T15:34:49.250+0000] {taskinstance.py:2073} INFO - Dependencies all met for dep_context=requeueable deps ti=<TaskInstance: full_pipeline_dag.trigger_schema_init scheduled__2026-03-17T00:00:00+00:00 [queued]>
[2026-03-18T15:34:49.251+0000] {taskinstance.py:2303} INFO - Starting attempt 1 of 2
[2026-03-18T15:34:49.277+0000] {taskinstance.py:2327} INFO - Executing <Task(TriggerDagRunOperator): trigger_schema_init> on 2026-03-17 00:00:00+00:00
[2026-03-18T15:34:49.361+0000] {logging_mixin.py:188} WARNING - /home/***/.local/lib/python3.12/site-packages/***/task/task_runner/standard_task_runner.py:61 DeprecationWarning: This process (pid=319) is multi-threaded, use of fork() may lead to deadlocks in the child.
[2026-03-18T15:34:49.310+0000] {standard_task_runner.py:90} INFO - Running: ['***', 'tasks', 'run', 'full_pipeline_dag', 'trigger_schema_init', 'scheduled__2026-03-17T00:00:00+00:00', '--job-id', '2', '--raw', '--subdir', 'DAGS_FOLDER/full_pipeline_dag.py', '--cfg-path', '/tmp/tmpp_6nav7d']
[2026-03-18T15:34:49.376+0000] {standard_task_runner.py:63} INFO - Started process 325 to run task
[2026-03-18T15:34:49.379+0000] {standard_task_runner.py:91} INFO - Job 2: Subtask trigger_schema_init
[2026-03-18T15:34:49.804+0000] {task_command.py:426} INFO - Running <TaskInstance: full_pipeline_dag.trigger_schema_init scheduled__2026-03-17T00:00:00+00:00 [running]> on host cccde4855129
[2026-03-18T15:34:50.384+0000] {taskinstance.py:2644} INFO - Exporting env vars: AIRFLOW_CTX_DAG_OWNER='marcelo' AIRFLOW_CTX_DAG_ID='full_pipeline_dag' AIRFLOW_CTX_TASK_ID='trigger_schema_init' AIRFLOW_CTX_EXECUTION_DATE='2026-03-17T00:00:00+00:00' AIRFLOW_CTX_TRY_NUMBER='1' AIRFLOW_CTX_DAG_RUN_ID='scheduled__2026-03-17T00:00:00+00:00'
[2026-03-18T15:34:50.389+0000] {taskinstance.py:430} INFO - ::endgroup::
[2026-03-18T15:34:51.420+0000] {taskinstance.py:441} INFO - ::group::Post task execution logs
[2026-03-18T15:34:51.475+0000] {taskinstance.py:1205} INFO - Marking task as SUCCESS. dag_id=full_pipeline_dag, task_id=trigger_schema_init, execution_date=20260317T000000, start_date=20260318T153449, end_date=20260318T153451
[2026-03-18T15:34:51.554+0000] {local_task_job_runner.py:240} INFO - Task exited with return code 0
[2026-03-18T15:34:51.601+0000] {taskinstance.py:3482} INFO - 1 downstream tasks scheduled from follow-on schedule check
[2026-03-18T15:34:51.604+0000] {local_task_job_runner.py:222} INFO - ::endgroup::
